# JRE version: Java(TM) SE Runtime Environment (11.0.1+13) (build 11.0.1+13-LTS)
# Java VM: Java HotSpot(TM) 64-Bit Server VM (11.0.1+13-LTS, mixed mode, tiered, compressed oops, g1 gc, bsd-amd64)
Heap:
 garbage-first heap   total 262144K, used 78402K [0x00000007c0000000, 0x0000000800000000)
  region size 1024K, 36 young (36864K), 12 survivors (12288K)
 Metaspace       used 13481K, capacity 13755K, committed 13952K, reserved 1060864K
  class space    used 1770K, capacity 1902K, committed 1920K, reserved 1048576K
GC Heap History (10 events):
Event: 15.129 GC heap before
{Heap before GC invocations=1 (full 0):
 garbage-first heap   total 262144K, used 76605K [0x00000007c0000000, 0x0000000800000000)
  region size 1024K, 68 young (69632K), 3 survivors (3072K)
 Metaspace       used 11906K, capacity 12061K, committed 12160K, reserved 1060864K
  class space    used 1548K, capacity 1626K, committed 1664K, reserved 1048576K
}
Event: 15.140 GC heap after
{Heap after GC invocations=2 (full 0):
 garbage-first heap   total 262144K, used 17592K [0x00000007c0000000, 0x0000000800000000)
  region size 1024K, 9 young (9216K), 9 survivors (9216K)
 Metaspace       used 11906K, capacity 12061K, committed 12160K, reserved 1060864K
  class space    used 1548K, capacity 1626K, committed 1664K, reserved 1048576K
}
Event: 15.168 GC heap before
{Heap before GC invocations=2 (full 0):
 garbage-first heap   total 262144K, used 39096K [0x00000007c0000000, 0x0000000800000000)
  region size 1024K, 30 young (30720K), 9 survivors (9216K)
 Metaspace       used 11910K, capacity 12061K, committed 12160K, reserved 1060864K
  class space    used 1548K, capacity 1626K, committed 1664K, reserved 1048576K
}
Event: 15.178 GC heap after
{Heap after GC invocations=3 (full 0):
 garbage-first heap   total 262144K, used 20341K [0x00000007c0000000, 0x0000000800000000)
  region size 1024K, 3 young (3072K), 3 survivors (3072K)
 Metaspace       used 11910K, capacity 12061K, committed 12160K, reserved 1060864K
  class space    used 1548K, capacity 1626K, committed 1664K, reserved 1048576K
}
Event: 15.288 GC heap before
{Heap before GC invocations=3 (full 0):
 garbage-first heap   total 262144K, used 68469K [0x00000007c0000000, 0x0000000800000000)
  region size 1024K, 49 young (50176K), 3 survivors (3072K)
 Metaspace       used 12204K, capacity 12372K, committed 12544K, reserved 1060864K
  class space    used 1597K, capacity 1668K, committed 1792K, reserved 1048576K
}
Event: 15.292 GC heap after
{Heap after GC invocations=4 (full 0):
 garbage-first heap   total 262144K, used 27871K [0x00000007c0000000, 0x0000000800000000)
  region size 1024K, 7 young (7168K), 7 survivors (7168K)
 Metaspace       used 12204K, capacity 12372K, committed 12544K, reserved 1060864K
  class space    used 1597K, capacity 1668K, committed 1792K, reserved 1048576K
}
Event: 15.360 GC heap before
{Heap before GC invocations=4 (full 0):
 garbage-first heap   total 262144K, used 94431K [0x00000007c0000000, 0x0000000800000000)
  region size 1024K, 72 young (73728K), 7 survivors (7168K)
 Metaspace       used 12206K, capacity 12372K, committed 12544K, reserved 1060864K
  class space    used 1597K, capacity 1668K, committed 1792K, reserved 1048576K
}
Event: 15.367 GC heap after
{Heap after GC invocations=5 (full 0):
 garbage-first heap   total 262144K, used 33315K [0x00000007c0000000, 0x0000000800000000)
  region size 1024K, 6 young (6144K), 6 survivors (6144K)
 Metaspace       used 12206K, capacity 12372K, committed 12544K, reserved 1060864K
  class space    used 1597K, capacity 1668K, committed 1792K, reserved 1048576K
}
Event: 15.480 GC heap before
{Heap before GC invocations=5 (full 0):
 garbage-first heap   total 262144K, used 123427K [0x00000007c0000000, 0x0000000800000000)
  region size 1024K, 89 young (91136K), 6 survivors (6144K)
 Metaspace       used 12207K, capacity 12372K, committed 12544K, reserved 1060864K
  class space    used 1597K, capacity 1668K, committed 1792K, reserved 1048576K
}
Event: 15.491 GC heap after
{Heap after GC invocations=6 (full 0):
 garbage-first heap   total 262144K, used 48706K [0x00000007c0000000, 0x0000000800000000)
  region size 1024K, 12 young (12288K), 12 survivors (12288K)
 Metaspace       used 12207K, capacity 12372K, committed 12544K, reserved 1060864K
  class space    used 1597K, capacity 1668K, committed 1792K, reserved 1048576K
}

