# JRE version: Java(TM) SE Runtime Environment (11.0.1+13) (build 11.0.1+13-LTS)
# Java VM: Java HotSpot(TM) 64-Bit Server VM (11.0.1+13-LTS, mixed mode, tiered, compressed oops, g1 gc, bsd-amd64)
Heap:
 garbage-first heap   total 262144K, used 68191K [0x00000007c0000000, 0x0000000800000000)
  region size 1024K, 12 young (12288K), 10 survivors (10240K)
 Metaspace       used 14363K, capacity 14656K, committed 14976K, reserved 1062912K
  class space    used 1903K, capacity 2053K, committed 2176K, reserved 1048576K
GC Heap History (10 events):
Event: 9.145 GC heap before
{Heap before GC invocations=2 (full 0):
 garbage-first heap   total 262144K, used 22057K [0x00000007c0000000, 0x0000000800000000)
  region size 1024K, 12 young (12288K), 10 survivors (10240K)
 Metaspace       used 12344K, capacity 12529K, committed 12672K, reserved 1060864K
  class space    used 1550K, capacity 1612K, committed 1664K, reserved 1048576K
}
Event: 9.156 GC heap after
{Heap after GC invocations=3 (full 0):
 garbage-first heap   total 262144K, used 21801K [0x00000007c0000000, 0x0000000800000000)
  region size 1024K, 2 young (2048K), 2 survivors (2048K)
 Metaspace       used 12344K, capacity 12529K, committed 12672K, reserved 1060864K
  class space    used 1550K, capacity 1612K, committed 1664K, reserved 1048576K
}
Event: 9.203 GC heap before
{Heap before GC invocations=3 (full 0):
 garbage-first heap   total 262144K, used 48425K [0x00000007c0000000, 0x0000000800000000)
  region size 1024K, 28 young (28672K), 2 survivors (2048K)
 Metaspace       used 12349K, capacity 12529K, committed 12672K, reserved 1060864K
  class space    used 1550K, capacity 1612K, committed 1664K, reserved 1048576K
}
Event: 9.205 GC heap after
{Heap after GC invocations=4 (full 0):
 garbage-first heap   total 262144K, used 23363K [0x00000007c0000000, 0x0000000800000000)
  region size 1024K, 4 young (4096K), 4 survivors (4096K)
 Metaspace       used 12349K, capacity 12529K, committed 12672K, reserved 1060864K
  class space    used 1550K, capacity 1612K, committed 1664K, reserved 1048576K
}
Event: 9.305 GC heap before
{Heap before GC invocations=4 (full 0):
 garbage-first heap   total 262144K, used 83779K [0x00000007c0000000, 0x0000000800000000)
  region size 1024K, 62 young (63488K), 4 survivors (4096K)
 Metaspace       used 12511K, capacity 12744K, committed 13056K, reserved 1060864K
  class space    used 1604K, capacity 1686K, committed 1792K, reserved 1048576K
}
Event: 9.312 GC heap after
{Heap after GC invocations=5 (full 0):
 garbage-first heap   total 262144K, used 31934K [0x00000007c0000000, 0x0000000800000000)
  region size 1024K, 8 young (8192K), 8 survivors (8192K)
 Metaspace       used 12511K, capacity 12744K, committed 13056K, reserved 1060864K
  class space    used 1604K, capacity 1686K, committed 1792K, reserved 1048576K
}
Event: 9.387 GC heap before
{Heap before GC invocations=5 (full 0):
 garbage-first heap   total 262144K, used 116926K [0x00000007c0000000, 0x0000000800000000)
  region size 1024K, 91 young (93184K), 8 survivors (8192K)
 Metaspace       used 12513K, capacity 12744K, committed 13056K, reserved 1060864K
  class space    used 1604K, capacity 1686K, committed 1792K, reserved 1048576K
}
Event: 9.397 GC heap after
{Heap after GC invocations=6 (full 0):
 garbage-first heap   total 262144K, used 38543K [0x00000007c0000000, 0x0000000800000000)
  region size 1024K, 7 young (7168K), 7 survivors (7168K)
 Metaspace       used 12513K, capacity 12744K, committed 13056K, reserved 1060864K
  class space    used 1604K, capacity 1686K, committed 1792K, reserved 1048576K
}
Event: 9.739 GC heap before
{Heap before GC invocations=6 (full 0):
 garbage-first heap   total 262144K, used 119439K [0x00000007c0000000, 0x0000000800000000)
  region size 1024K, 73 young (74752K), 7 survivors (7168K)
 Metaspace       used 13824K, capacity 14089K, committed 14336K, reserved 1060864K
  class space    used 1831K, capacity 1963K, committed 2048K, reserved 1048576K
}
Event: 9.755 GC heap after
{Heap after GC invocations=7 (full 0):
 garbage-first heap   total 262144K, used 67167K [0x00000007c0000000, 0x0000000800000000)
  region size 1024K, 10 young (10240K), 10 survivors (10240K)
 Metaspace       used 13824K, capacity 14089K, committed 14336K, reserved 1060864K
  class space    used 1831K, capacity 1963K, committed 2048K, reserved 1048576K
}

