# JRE version: Java(TM) SE Runtime Environment (11.0.1+13) (build 11.0.1+13-LTS)
# Java VM: Java HotSpot(TM) 64-Bit Server VM (11.0.1+13-LTS, mixed mode, tiered, compressed oops, g1 gc, bsd-amd64)
Heap:
 garbage-first heap   total 262144K, used 94148K [0x00000007c0000000, 0x0000000800000000)
  region size 1024K, 43 young (44032K), 11 survivors (11264K)
 Metaspace       used 14697K, capacity 15073K, committed 15232K, reserved 1062912K
  class space    used 1972K, capacity 2150K, committed 2176K, reserved 1048576K
GC Heap History (10 events):
Event: 8.514 GC heap before
{Heap before GC invocations=2 (full 0):
 garbage-first heap   total 262144K, used 21227K [0x00000007c0000000, 0x0000000800000000)
  region size 1024K, 12 young (12288K), 7 survivors (7168K)
 Metaspace       used 11892K, capacity 12061K, committed 12160K, reserved 1060864K
  class space    used 1548K, capacity 1626K, committed 1664K, reserved 1048576K
}
Event: 8.523 GC heap after
{Heap after GC invocations=3 (full 0):
 garbage-first heap   total 262144K, used 17322K [0x00000007c0000000, 0x0000000800000000)
  region size 1024K, 2 young (2048K), 2 survivors (2048K)
 Metaspace       used 11892K, capacity 12061K, committed 12160K, reserved 1060864K
  class space    used 1548K, capacity 1626K, committed 1664K, reserved 1048576K
}
Event: 8.566 GC heap before
{Heap before GC invocations=3 (full 0):
 garbage-first heap   total 262144K, used 52138K [0x00000007c0000000, 0x0000000800000000)
  region size 1024K, 36 young (36864K), 2 survivors (2048K)
 Metaspace       used 11897K, capacity 12061K, committed 12160K, reserved 1060864K
  class space    used 1548K, capacity 1626K, committed 1664K, reserved 1048576K
}
Event: 8.568 GC heap after
{Heap after GC invocations=4 (full 0):
 garbage-first heap   total 262144K, used 20050K [0x00000007c0000000, 0x0000000800000000)
  region size 1024K, 4 young (4096K), 4 survivors (4096K)
 Metaspace       used 11897K, capacity 12061K, committed 12160K, reserved 1060864K
  class space    used 1548K, capacity 1626K, committed 1664K, reserved 1048576K
}
Event: 8.683 GC heap before
{Heap before GC invocations=4 (full 0):
 garbage-first heap   total 262144K, used 74322K [0x00000007c0000000, 0x0000000800000000)
  region size 1024K, 56 young (57344K), 4 survivors (4096K)
 Metaspace       used 12190K, capacity 12372K, committed 12544K, reserved 1060864K
  class space    used 1596K, capacity 1668K, committed 1792K, reserved 1048576K
}
Event: 8.690 GC heap after
{Heap after GC invocations=5 (full 0):
 garbage-first heap   total 262144K, used 28421K [0x00000007c0000000, 0x0000000800000000)
  region size 1024K, 7 young (7168K), 7 survivors (7168K)
 Metaspace       used 12190K, capacity 12372K, committed 12544K, reserved 1060864K
  class space    used 1596K, capacity 1668K, committed 1792K, reserved 1048576K
}
Event: 8.759 GC heap before
{Heap before GC invocations=5 (full 0):
 garbage-first heap   total 262144K, used 100101K [0x00000007c0000000, 0x0000000800000000)
  region size 1024K, 77 young (78848K), 7 survivors (7168K)
 Metaspace       used 12192K, capacity 12372K, committed 12544K, reserved 1060864K
  class space    used 1596K, capacity 1668K, committed 1792K, reserved 1048576K
}
Event: 8.768 GC heap after
{Heap after GC invocations=6 (full 0):
 garbage-first heap   total 262144K, used 34976K [0x00000007c0000000, 0x0000000800000000)
  region size 1024K, 7 young (7168K), 7 survivors (7168K)
 Metaspace       used 12192K, capacity 12372K, committed 12544K, reserved 1060864K
  class space    used 1596K, capacity 1668K, committed 1792K, reserved 1048576K
}
Event: 9.090 GC heap before
{Heap before GC invocations=6 (full 0):
 garbage-first heap   total 262144K, used 123040K [0x00000007c0000000, 0x0000000800000000)
  region size 1024K, 82 young (83968K), 7 survivors (7168K)
 Metaspace       used 13685K, capacity 13924K, committed 14080K, reserved 1060864K
  class space    used 1817K, capacity 1926K, committed 2048K, reserved 1048576K
}
Event: 9.106 GC heap after
{Heap after GC invocations=7 (full 0):
 garbage-first heap   total 262144K, used 61380K [0x00000007c0000000, 0x0000000800000000)
  region size 1024K, 11 young (11264K), 11 survivors (11264K)
 Metaspace       used 13685K, capacity 13924K, committed 14080K, reserved 1060864K
  class space    used 1817K, capacity 1926K, committed 2048K, reserved 1048576K
}

