# JRE version: Java(TM) SE Runtime Environment (11.0.1+13) (build 11.0.1+13-LTS)
# Java VM: Java HotSpot(TM) 64-Bit Server VM (11.0.1+13-LTS, mixed mode, tiered, compressed oops, g1 gc, bsd-amd64)
Heap:
 garbage-first heap   total 262144K, used 84299K [0x00000007c0000000, 0x0000000800000000)
  region size 1024K, 52 young (53248K), 10 survivors (10240K)
 Metaspace       used 14707K, capacity 15078K, committed 15232K, reserved 1062912K
  class space    used 1973K, capacity 2150K, committed 2176K, reserved 1048576K
GC Heap History (10 events):
Event: 9.512 GC heap before
{Heap before GC invocations=2 (full 0):
 garbage-first heap   total 262144K, used 22688K [0x00000007c0000000, 0x0000000800000000)
  region size 1024K, 12 young (12288K), 3 survivors (3072K)
 Metaspace       used 11776K, capacity 11974K, committed 12160K, reserved 1060864K
  class space    used 1544K, capacity 1620K, committed 1664K, reserved 1048576K
}
Event: 9.516 GC heap after
{Heap after GC invocations=3 (full 0):
 garbage-first heap   total 262144K, used 14699K [0x00000007c0000000, 0x0000000800000000)
  region size 1024K, 1 young (1024K), 1 survivors (1024K)
 Metaspace       used 11776K, capacity 11974K, committed 12160K, reserved 1060864K
  class space    used 1544K, capacity 1620K, committed 1664K, reserved 1048576K
}
Event: 9.593 GC heap before
{Heap before GC invocations=3 (full 0):
 garbage-first heap   total 262144K, used 48491K [0x00000007c0000000, 0x0000000800000000)
  region size 1024K, 34 young (34816K), 1 survivors (1024K)
 Metaspace       used 11880K, capacity 12065K, committed 12160K, reserved 1060864K
  class space    used 1548K, capacity 1626K, committed 1664K, reserved 1048576K
}
Event: 9.596 GC heap after
{Heap after GC invocations=4 (full 0):
 garbage-first heap   total 262144K, used 17413K [0x00000007c0000000, 0x0000000800000000)
  region size 1024K, 4 young (4096K), 4 survivors (4096K)
 Metaspace       used 11880K, capacity 12065K, committed 12160K, reserved 1060864K
  class space    used 1548K, capacity 1626K, committed 1664K, reserved 1048576K
}
Event: 9.677 GC heap before
{Heap before GC invocations=4 (full 0):
 garbage-first heap   total 262144K, used 68613K [0x00000007c0000000, 0x0000000800000000)
  region size 1024K, 54 young (55296K), 4 survivors (4096K)
 Metaspace       used 11894K, capacity 12065K, committed 12160K, reserved 1060864K
  class space    used 1548K, capacity 1626K, committed 1664K, reserved 1048576K
}
Event: 9.684 GC heap after
{Heap after GC invocations=5 (full 0):
 garbage-first heap   total 262144K, used 21793K [0x00000007c0000000, 0x0000000800000000)
  region size 1024K, 7 young (7168K), 7 survivors (7168K)
 Metaspace       used 11894K, capacity 12065K, committed 12160K, reserved 1060864K
  class space    used 1548K, capacity 1626K, committed 1664K, reserved 1048576K
}
Event: 9.829 GC heap before
{Heap before GC invocations=5 (full 0):
 garbage-first heap   total 262144K, used 108833K [0x00000007c0000000, 0x0000000800000000)
  region size 1024K, 90 young (92160K), 7 survivors (7168K)
 Metaspace       used 12183K, capacity 12376K, committed 12544K, reserved 1060864K
  class space    used 1596K, capacity 1668K, committed 1792K, reserved 1048576K
}
Event: 9.836 GC heap after
{Heap after GC invocations=6 (full 0):
 garbage-first heap   total 262144K, used 26044K [0x00000007c0000000, 0x0000000800000000)
  region size 1024K, 9 young (9216K), 9 survivors (9216K)
 Metaspace       used 12183K, capacity 12376K, committed 12544K, reserved 1060864K
  class space    used 1596K, capacity 1668K, committed 1792K, reserved 1048576K
}
Event: 10.037 GC heap before
{Heap before GC invocations=6 (full 0):
 garbage-first heap   total 262144K, used 122300K [0x00000007c0000000, 0x0000000800000000)
  region size 1024K, 91 young (93184K), 9 survivors (9216K)
 Metaspace       used 12773K, capacity 12997K, committed 13056K, reserved 1060864K
  class space    used 1683K, capacity 1786K, committed 1792K, reserved 1048576K
}
Event: 10.046 GC heap after
{Heap after GC invocations=7 (full 0):
 garbage-first heap   total 262144K, used 41291K [0x00000007c0000000, 0x0000000800000000)
  region size 1024K, 10 young (10240K), 10 survivors (10240K)
 Metaspace       used 12773K, capacity 12997K, committed 13056K, reserved 1060864K
  class space    used 1683K, capacity 1786K, committed 1792K, reserved 1048576K
}

